0 info it worked if it ends with ok
1 verbose cli [ '/usr/local/bin/node',
1 verbose cli   '/usr/local/bin/npm',
1 verbose cli   'install',
1 verbose cli   '-g',
1 verbose cli   'mongo-hacker' ]
2 info using npm@2.14.20
3 info using node@v4.4.0
4 verbose install initial load of /usr/local/lib/package.json
5 verbose readDependencies loading dependencies from /usr/local/lib/package.json
6 silly cache add args [ 'mongo-hacker', null ]
7 verbose cache add spec mongo-hacker
8 silly cache add parsed spec Result {
8 silly cache add   raw: 'mongo-hacker',
8 silly cache add   scope: null,
8 silly cache add   name: 'mongo-hacker',
8 silly cache add   rawSpec: '',
8 silly cache add   spec: 'latest',
8 silly cache add   type: 'tag' }
9 silly addNamed mongo-hacker@latest
10 verbose addNamed "latest" is being treated as a dist-tag for mongo-hacker
11 info addNameTag [ 'mongo-hacker', 'latest' ]
12 silly mapToRegistry name mongo-hacker
13 silly mapToRegistry using default registry
14 silly mapToRegistry registry https://registry.npmjs.org/
15 silly mapToRegistry uri https://registry.npmjs.org/mongo-hacker
16 verbose addNameTag registry:https://registry.npmjs.org/mongo-hacker not in flight; fetching
17 verbose request uri https://registry.npmjs.org/mongo-hacker
18 verbose request no auth needed
19 info attempt registry request try #1 at 14:31:46
20 verbose request id 4d1f45d720f1885d
21 http request GET https://registry.npmjs.org/mongo-hacker
22 http 200 https://registry.npmjs.org/mongo-hacker
23 verbose headers { server: 'CouchDB/1.5.0 (Erlang OTP/R16B03)',
23 verbose headers   etag: '"1AY8N4KYZ7PA48GO6FYKNELRM"',
23 verbose headers   'content-type': 'application/json',
23 verbose headers   'cache-control': 'max-age=300',
23 verbose headers   'content-length': '18599',
23 verbose headers   'accept-ranges': 'bytes',
23 verbose headers   date: 'Thu, 12 May 2016 17:31:35 GMT',
23 verbose headers   via: '1.1 varnish',
23 verbose headers   age: '17',
23 verbose headers   connection: 'keep-alive',
23 verbose headers   'x-served-by': 'cache-atl6231-ATL',
23 verbose headers   'x-cache': 'HIT',
23 verbose headers   'x-cache-hits': '1',
23 verbose headers   'x-timer': 'S1463074295.534614,VS0,VE0',
23 verbose headers   vary: 'Accept-Encoding' }
24 silly get cb [ 200,
24 silly get   { server: 'CouchDB/1.5.0 (Erlang OTP/R16B03)',
24 silly get     etag: '"1AY8N4KYZ7PA48GO6FYKNELRM"',
24 silly get     'content-type': 'application/json',
24 silly get     'cache-control': 'max-age=300',
24 silly get     'content-length': '18599',
24 silly get     'accept-ranges': 'bytes',
24 silly get     date: 'Thu, 12 May 2016 17:31:35 GMT',
24 silly get     via: '1.1 varnish',
24 silly get     age: '17',
24 silly get     connection: 'keep-alive',
24 silly get     'x-served-by': 'cache-atl6231-ATL',
24 silly get     'x-cache': 'HIT',
24 silly get     'x-cache-hits': '1',
24 silly get     'x-timer': 'S1463074295.534614,VS0,VE0',
24 silly get     vary: 'Accept-Encoding' } ]
25 verbose get saving mongo-hacker to /var/root/.npm/registry.npmjs.org/mongo-hacker/.cache.json
26 verbose correctMkdir /var/root/.npm correctMkdir not in flight; initializing
27 silly addNameTag next cb for mongo-hacker with tag latest
28 silly addNamed mongo-hacker@0.0.13
29 verbose addNamed "0.0.13" is a plain semver version for mongo-hacker
30 silly mapToRegistry name mongo-hacker
31 silly mapToRegistry using default registry
32 silly mapToRegistry registry https://registry.npmjs.org/
33 silly mapToRegistry uri https://registry.npmjs.org/mongo-hacker
34 verbose addRemoteTarball https://registry.npmjs.org/mongo-hacker/-/mongo-hacker-0.0.13.tgz not in flight; adding
35 verbose addRemoteTarball [ 'https://registry.npmjs.org/mongo-hacker/-/mongo-hacker-0.0.13.tgz',
35 verbose addRemoteTarball   '234316825958451185ab94d8d9f9144fba73593f' ]
36 info retry fetch attempt 1 at 14:31:47
37 info attempt registry request try #1 at 14:31:47
38 http fetch GET https://registry.npmjs.org/mongo-hacker/-/mongo-hacker-0.0.13.tgz
39 http fetch 200 https://registry.npmjs.org/mongo-hacker/-/mongo-hacker-0.0.13.tgz
40 silly fetchAndShaCheck shasum 234316825958451185ab94d8d9f9144fba73593f
41 verbose addTmpTarball /tmp/npm-4280-e82a30c4/registry.npmjs.org/mongo-hacker/-/mongo-hacker-0.0.13.tgz not in flight; adding
42 verbose addTmpTarball already have metadata; skipping unpack for mongo-hacker@0.0.13
43 verbose correctMkdir /var/root/.npm correctMkdir not in flight; initializing
44 silly cache afterAdd mongo-hacker@0.0.13
45 verbose afterAdd /var/root/.npm/mongo-hacker/0.0.13/package/package.json not in flight; writing
46 verbose correctMkdir /var/root/.npm correctMkdir not in flight; initializing
47 verbose afterAdd /var/root/.npm/mongo-hacker/0.0.13/package/package.json written
48 silly install resolved [ { name: 'mongo-hacker',
48 silly install resolved     version: '0.0.13',
48 silly install resolved     description: 'MongoDB Shell Enhancements for Hackers',
48 silly install resolved     scripts:
48 silly install resolved      { test: 'echo "Error: no test specified" && exit 1',
48 silly install resolved        install: 'make install',
48 silly install resolved        update: 'make install',
48 silly install resolved        postuninstall: 'make uninstall' },
48 silly install resolved     preferGlobal: true,
48 silly install resolved     repository:
48 silly install resolved      { type: 'git',
48 silly install resolved        url: 'git+ssh://git@github.com/TylerBrock/mongo-hacker.git' },
48 silly install resolved     keywords: [ 'mongodb', 'shell', 'hacks', 'tweaks' ],
48 silly install resolved     author: { name: 'Tyler Brock', email: 'tyler.brock@gmail.com' },
48 silly install resolved     homepage: 'http://tylerbrock.github.io/mongo-hacker/',
48 silly install resolved     license: 'MIT',
48 silly install resolved     bugs: { url: 'https://github.com/TylerBrock/mongo-hacker/issues' },
48 silly install resolved     gitHead: 'bb87b3449c4b7d6d40449732b9d4976eb4a10436',
48 silly install resolved     _id: 'mongo-hacker@0.0.13',
48 silly install resolved     _shasum: '234316825958451185ab94d8d9f9144fba73593f',
48 silly install resolved     _from: 'mongo-hacker@latest',
48 silly install resolved     _npmVersion: '3.6.0',
48 silly install resolved     _nodeVersion: '5.7.1',
48 silly install resolved     _npmUser: { name: 'tylerbrock', email: 'tyler.brock@gmail.com' },
48 silly install resolved     dist:
48 silly install resolved      { shasum: '234316825958451185ab94d8d9f9144fba73593f',
48 silly install resolved        tarball: 'https://registry.npmjs.org/mongo-hacker/-/mongo-hacker-0.0.13.tgz' },
48 silly install resolved     maintainers: [ [Object] ],
48 silly install resolved     _npmOperationalInternal:
48 silly install resolved      { host: 'packages-13-west.internal.npmjs.com',
48 silly install resolved        tmp: 'tmp/mongo-hacker-0.0.13.tgz_1457367856983_0.5139188601169735' },
48 silly install resolved     directories: {},
48 silly install resolved     _resolved: 'https://registry.npmjs.org/mongo-hacker/-/mongo-hacker-0.0.13.tgz' } ]
49 info install mongo-hacker@0.0.13 into /usr/local/lib
50 info installOne mongo-hacker@0.0.13
51 verbose installOne of mongo-hacker to /usr/local/lib not in flight; installing
52 verbose correctMkdir /var/root/.npm/_locks correctMkdir not in flight; initializing
53 verbose lock using /var/root/.npm/_locks/mongo-hacker-ad7f305baebeac6b.lock for /usr/local/lib/node_modules/mongo-hacker
54 silly install write writing mongo-hacker 0.0.13 to /usr/local/lib/node_modules/mongo-hacker
55 verbose unbuild lib/node_modules/mongo-hacker
56 silly gentlyRm /usr/local/lib/node_modules/mongo-hacker is being purged from base /usr/local
57 verbose gentlyRm don't care about contents; nuking /usr/local/lib/node_modules/mongo-hacker
58 verbose tar unpack /var/root/.npm/mongo-hacker/0.0.13/package.tgz
59 verbose tar unpacking to /usr/local/lib/node_modules/mongo-hacker
60 silly gentlyRm /usr/local/lib/node_modules/mongo-hacker is being purged
61 verbose gentlyRm don't care about contents; nuking /usr/local/lib/node_modules/mongo-hacker
62 silly gunzTarPerm modes [ '755', '644' ]
63 silly gunzTarPerm extractEntry package.json
64 silly gunzTarPerm extractEntry .npmignore
65 silly gunzTarPerm extractEntry README.md
66 silly gunzTarPerm extractEntry LICENSE
67 silly gunzTarPerm extractEntry base.js
68 silly gunzTarPerm extractEntry config.js
69 silly gunzTarPerm extractEntry Makefile
70 silly gunzTarPerm extractEntry hacks/aggregation.js
71 silly gunzTarPerm extractEntry hacks/common.js
72 silly gunzTarPerm extractEntry hacks/count.js
73 silly gunzTarPerm extractEntry hacks/dbref.js
74 silly gunzTarPerm extractEntry hacks/color.js
75 silly gunzTarPerm extractEntry hacks/helpers.js
76 silly gunzTarPerm extractEntry hacks/index_paranoia.js
77 silly gunzTarPerm extractEntry hacks/old_aggregation.js
78 silly gunzTarPerm extractEntry hacks/prompt.js
79 silly gunzTarPerm extractEntry hacks/sh_status.js
80 silly gunzTarPerm extractEntry hacks/cmd_search.js
81 silly gunzTarPerm extractEntry hacks/show.js
82 silly gunzTarPerm extractEntry hacks/auto_complete.js
83 silly gunzTarPerm extractEntry hacks/uuid.js
84 silly gunzTarPerm extractEntry hacks/api.js
85 silly gunzTarPerm extractEntry hacks/verbose.js
86 silly gunzTarPerm extractEntry hacks/find_and_modify.js
87 verbose write writing to /usr/local/lib/node_modules/mongo-hacker/package.json
88 info preinstall mongo-hacker@0.0.13
89 verbose readDependencies loading dependencies from /usr/local/lib/node_modules/mongo-hacker/package.json
90 verbose readDependencies loading dependencies from /usr/local/lib/node_modules/mongo-hacker/package.json
91 silly install resolved []
92 verbose about to build /usr/local/lib/node_modules/mongo-hacker
93 info build /usr/local/lib/node_modules/mongo-hacker
94 info linkStuff mongo-hacker@0.0.13
95 silly linkStuff mongo-hacker@0.0.13 has /usr/local/lib/node_modules as its parent node_modules
96 silly linkStuff mongo-hacker@0.0.13 is part of a global install
97 silly linkStuff mongo-hacker@0.0.13 is installed into a global node_modules
98 silly linkStuff mongo-hacker@0.0.13 is installed into the top-level global node_modules
99 verbose linkBins mongo-hacker@0.0.13
100 verbose linkMans mongo-hacker@0.0.13
101 verbose rebuildBundles mongo-hacker@0.0.13
102 info install mongo-hacker@0.0.13
103 verbose unsafe-perm in lifecycle false
104 info mongo-hacker@0.0.13 Failed to exec install script
105 verbose unlock done using /var/root/.npm/_locks/mongo-hacker-ad7f305baebeac6b.lock for /usr/local/lib/node_modules/mongo-hacker
106 verbose stack Error: mongo-hacker@0.0.13 install: `make install`
106 verbose stack Exit status 2
106 verbose stack     at EventEmitter.<anonymous> (/usr/local/lib/node_modules/npm/lib/utils/lifecycle.js:214:16)
106 verbose stack     at emitTwo (events.js:87:13)
106 verbose stack     at EventEmitter.emit (events.js:172:7)
106 verbose stack     at ChildProcess.<anonymous> (/usr/local/lib/node_modules/npm/lib/utils/spawn.js:24:14)
106 verbose stack     at emitTwo (events.js:87:13)
106 verbose stack     at ChildProcess.emit (events.js:172:7)
106 verbose stack     at maybeClose (internal/child_process.js:827:16)
106 verbose stack     at Process.ChildProcess._handle.onexit (internal/child_process.js:211:5)
107 verbose pkgid mongo-hacker@0.0.13
108 verbose cwd /Users/faustino/Documents/testeprojetos/scripteste
109 error Darwin 15.4.0
110 error argv "/usr/local/bin/node" "/usr/local/bin/npm" "install" "-g" "mongo-hacker"
111 error node v4.4.0
112 error npm  v2.14.20
113 error code ELIFECYCLE
114 error mongo-hacker@0.0.13 install: `make install`
114 error Exit status 2
115 error Failed at the mongo-hacker@0.0.13 install script 'make install'.
115 error This is most likely a problem with the mongo-hacker package,
115 error not with npm itself.
115 error Tell the author that this fails on your system:
115 error     make install
115 error You can get information on how to open an issue for this project with:
115 error     npm bugs mongo-hacker
115 error Or if that isn't available, you can get their info via:
115 error
115 error     npm owner ls mongo-hacker
115 error There is likely additional logging output above.
116 verbose exit [ 1, true ]
117 verbose unbuild lib/node_modules/mongo-hacker
118 info preuninstall mongo-hacker@0.0.13
119 info uninstall mongo-hacker@0.0.13
120 verbose unbuild rmStuff mongo-hacker@0.0.13 from /usr/local/lib/node_modules
121 info postuninstall mongo-hacker@0.0.13
122 verbose unsafe-perm in lifecycle false
123 info mongo-hacker@0.0.13 Failed to exec postuninstall script
124 warn continuing anyway mongo-hacker@0.0.13 postuninstall: `make uninstall`
124 warn continuing anyway Exit status 2
125 silly gentlyRm /usr/local/lib/node_modules/mongo-hacker is being purged from base /usr/local
126 verbose gentlyRm don't care about contents; nuking /usr/local/lib/node_modules/mongo-hacker
127 silly vacuum-fs purging /usr/local/lib/node_modules/mongo-hacker
128 silly vacuum-fs quitting because other entries in /usr/local/lib/node_modules
